 21600
 21630
 21660
 21690
 21720
 21750
 21780
 21810
 21840
 21870
 21900
 21930
 21960
 21990
 22020
 22050
 22080
 22110
 22140
 22170
 22200
 22230
 22260
 22290
 22320
 22350
 22380
 22410
 22440
 22470
 22500
 22530
 22560
 22590
 22620
 22650
 22680
 22710
 22740
 22770
 22800
 22830
 22860
 22890
 22920
 22950
 22980
 23010
 23040
 23070
 23100
 23130
 23160
 23190
 23220
 23250
 23280
 23310
 23340
 23370
 23400
 23430
 23460
 23490
 23520
 23550
 23580
 23610
 23640
 23670
 23700
 23730
 23760
 23790
 23820
 23850
 23880
 23910
 23940
 23970
 24000
 24030
 24060
 24090
 24120
 24150
 24180
 24210
 24240
 24270
 24300
 24330
 24360
 24390
 24420
 24450
 24480
 24510
 24540
 24570
 24600
 24630
 24660
 24690
 24720
 24750
 24780
 24810
 24840
 24870
 24900
 24930
 24960
 24990
 25020
 25050
 25080
 25110
 25140
 25170
